<?xml version="1.0" encoding="UTF-8"?>
<coverage generated="1532751029327" clover="3.2.0">
  <project timestamp="1532751029327" name="All files">
    <metrics statements="37" coveredstatements="25" conditionals="8" coveredconditionals="3" methods="7" coveredmethods="3" elements="52" coveredelements="31" complexity="0" loc="37" ncloc="37" packages="2" files="2" classes="2">
      <package name="database">
        <metrics statements="15" coveredstatements="12" conditionals="4" coveredconditionals="2" methods="3" coveredmethods="3"/>
        <file name="index.js" path="/Users/Chloeweijoulin/Desktop/yalp-reviews-service/database/index.js">
          <metrics statements="15" coveredstatements="12" conditionals="4" coveredconditionals="2" methods="3" coveredmethods="3"/>
          <line num="1" count="2" type="stmt"/>
          <line num="3" count="2" type="stmt"/>
          <line num="10" count="2" type="stmt"/>
          <line num="11" count="1" type="cond" truecount="1" falsecount="1"/>
          <line num="12" count="0" type="stmt"/>
          <line num="13" count="0" type="stmt"/>
          <line num="16" count="1" type="stmt"/>
          <line num="20" count="2" type="stmt"/>
          <line num="21" count="3" type="stmt"/>
          <line num="22" count="3" type="stmt"/>
          <line num="23" count="3" type="cond" truecount="1" falsecount="1"/>
          <line num="24" count="0" type="stmt"/>
          <line num="26" count="3" type="stmt"/>
          <line num="27" count="3" type="stmt"/>
          <line num="32" count="2" type="stmt"/>
        </file>
      </package>
      <package name="server">
        <metrics statements="22" coveredstatements="13" conditionals="4" coveredconditionals="1" methods="4" coveredmethods="0"/>
        <file name="index.js" path="/Users/Chloeweijoulin/Desktop/yalp-reviews-service/server/index.js">
          <metrics statements="22" coveredstatements="13" conditionals="4" coveredconditionals="1" methods="4" coveredmethods="0"/>
          <line num="1" count="1" type="stmt"/>
          <line num="2" count="1" type="stmt"/>
          <line num="3" count="1" type="stmt"/>
          <line num="4" count="1" type="stmt"/>
          <line num="5" count="1" type="stmt"/>
          <line num="6" count="1" type="stmt"/>
          <line num="8" count="1" type="stmt"/>
          <line num="9" count="1" type="stmt"/>
          <line num="11" count="1" type="stmt"/>
          <line num="13" count="1" type="stmt"/>
          <line num="14" count="0" type="stmt"/>
          <line num="15" count="0" type="cond" truecount="0" falsecount="2"/>
          <line num="16" count="0" type="stmt"/>
          <line num="17" count="0" type="stmt"/>
          <line num="19" count="0" type="stmt"/>
          <line num="20" count="0" type="stmt"/>
          <line num="25" count="1" type="stmt"/>
          <line num="26" count="0" type="stmt"/>
          <line num="29" count="1" type="cond" truecount="1" falsecount="1"/>
          <line num="30" count="0" type="stmt"/>
          <line num="31" count="0" type="stmt"/>
          <line num="35" count="1" type="stmt"/>
        </file>
      </package>
    </metrics>
  </project>
</coverage>
