TN:
SF:/Users/Chloeweijoulin/Desktop/yalp-reviews-service/database/index.js
FN:10,(anonymous_0)
FN:20,(anonymous_1)
FN:22,(anonymous_2)
FNF:3
FNH:3
FNDA:1,(anonymous_0)
FNDA:3,(anonymous_1)
FNDA:3,(anonymous_2)
DA:1,2
DA:3,2
DA:10,2
DA:11,1
DA:12,0
DA:13,0
DA:16,1
DA:20,2
DA:21,3
DA:22,3
DA:23,3
DA:24,0
DA:26,3
DA:27,3
DA:32,2
LF:15
LH:12
BRDA:11,0,0,0
BRDA:11,0,1,1
BRDA:23,1,0,0
BRDA:23,1,1,3
BRF:4
BRH:2
end_of_record
TN:
SF:/Users/Chloeweijoulin/Desktop/yalp-reviews-service/server/index.js
FN:13,(anonymous_0)
FN:14,(anonymous_1)
FN:25,(anonymous_2)
FN:30,(anonymous_3)
FNF:4
FNH:0
FNDA:0,(anonymous_0)
FNDA:0,(anonymous_1)
FNDA:0,(anonymous_2)
FNDA:0,(anonymous_3)
DA:1,1
DA:2,1
DA:3,1
DA:4,1
DA:5,1
DA:6,1
DA:8,1
DA:9,1
DA:11,1
DA:13,1
DA:14,0
DA:15,0
DA:16,0
DA:17,0
DA:19,0
DA:20,0
DA:25,1
DA:26,0
DA:29,1
DA:30,0
DA:31,0
DA:35,1
LF:22
LH:13
BRDA:15,0,0,0
BRDA:15,0,1,0
BRDA:29,1,0,0
BRDA:29,1,1,1
BRF:4
BRH:1
end_of_record
